This is pdfTeX, Version 3.1415926-2.5-1.40.14 (MiKTeX 2.9) (preloaded format=pdflatex 2014.10.12)  21 JAN 2015 10:33
entering extended mode
**Master*Chaps*1*and*2*Oct*27.tex
("C:\Users\Kevin\Documents\GitHub\MCSarchive\Master Chaps 1 and 2 Oct 27.tex"
LaTeX2e <2011/06/27>
Babel <v3.8m> and hyphenation patterns for english, afrikaans, ancientgreek, ar
abic, armenian, assamese, basque, bengali, bokmal, bulgarian, catalan, coptic, 
croatian, czech, danish, dutch, esperanto, estonian, farsi, finnish, french, ga
lician, german, german-x-2013-05-26, greek, gujarati, hindi, hungarian, iceland
ic, indonesian, interlingua, irish, italian, kannada, kurmanji, latin, latvian,
 lithuanian, malayalam, marathi, mongolian, mongolianlmc, monogreek, ngerman, n
german-x-2013-05-26, nynorsk, oriya, panjabi, pinyin, polish, portuguese, roman
ian, russian, sanskrit, serbian, slovak, slovenian, spanish, swedish, swissgerm
an, tamil, telugu, turkish, turkmen, ukenglish, ukrainian, uppersorbian, usengl
ishmax, welsh, loaded.
("C:\Program Files (x86)\MiKTeX 2.9\tex\latex\base\report.cls"
Document Class: report 2007/10/19 v1.4h Standard LaTeX document class
("C:\Program Files (x86)\MiKTeX 2.9\tex\latex\base\size12.clo"
File: size12.clo 2007/10/19 v1.4h Standard LaTeX file (size option)
)
\c@part=\count79
\c@chapter=\count80
\c@section=\count81
\c@subsection=\count82
\c@subsubsection=\count83
\c@paragraph=\count84
\c@subparagraph=\count85
\c@figure=\count86
\c@table=\count87
\abovecaptionskip=\skip41
\belowcaptionskip=\skip42
\bibindent=\dimen102
)
(C:\Users\Kevin\AppData\Roaming\MiKTeX\2.9\tex\latex\natbib\natbib.sty
Package: natbib 2010/09/13 8.31b (PWD, AO)
\bibhang=\skip43
\bibsep=\skip44
LaTeX Info: Redefining \cite on input line 694.
\c@NAT@ctr=\count88
)
(C:\Users\Kevin\AppData\Roaming\MiKTeX\2.9\tex\latex\ieeepes\vmargin.sty
Package: vmargin 1999/06/01

Package `vmargin', V2.2, <1999/06/01>
\PaperWidth=\dimen103
\PaperHeight=\dimen104
) ("C:\Program Files (x86)\MiKTeX 2.9\tex\latex\graphics\graphicx.sty"
Package: graphicx 1999/02/16 v1.0f Enhanced LaTeX Graphics (DPC,SPQR)

("C:\Program Files (x86)\MiKTeX 2.9\tex\latex\graphics\keyval.sty"
Package: keyval 1999/03/16 v1.13 key=value parser (DPC)
\KV@toks@=\toks14
)
("C:\Program Files (x86)\MiKTeX 2.9\tex\latex\graphics\graphics.sty"
Package: graphics 2009/02/05 v1.0o Standard LaTeX Graphics (DPC,SPQR)

("C:\Program Files (x86)\MiKTeX 2.9\tex\latex\graphics\trig.sty"
Package: trig 1999/03/16 v1.09 sin cos tan (DPC)
)
("C:\Program Files (x86)\MiKTeX 2.9\tex\latex\00miktex\graphics.cfg"
File: graphics.cfg 2007/01/18 v1.5 graphics configuration of teTeX/TeXLive
)
Package graphics Info: Driver file: pdftex.def on input line 91.

("C:\Program Files (x86)\MiKTeX 2.9\tex\latex\pdftex-def\pdftex.def"
File: pdftex.def 2011/05/27 v0.06d Graphics/color for pdfTeX

("C:\Program Files (x86)\MiKTeX 2.9\tex\generic\oberdiek\infwarerr.sty"
Package: infwarerr 2010/04/08 v1.3 Providing info/warning/error messages (HO)
)
("C:\Program Files (x86)\MiKTeX 2.9\tex\generic\oberdiek\ltxcmds.sty"
Package: ltxcmds 2011/11/09 v1.22 LaTeX kernel commands for general use (HO)
)
\Gread@gobject=\count89
))
\Gin@req@height=\dimen105
\Gin@req@width=\dimen106
)
("C:\Program Files (x86)\MiKTeX 2.9\tex\latex\graphics\epsfig.sty"
Package: epsfig 1999/02/16 v1.7a (e)psfig emulation (SPQR)
\epsfxsize=\dimen107
\epsfysize=\dimen108
)
(C:\Users\Kevin\AppData\Roaming\MiKTeX\2.9\tex\latex\subfigure\subfigure.sty
Package: subfigure 2002/07/30 v2.1.4 subfigure package
\subfigtopskip=\skip45
\subfigcapskip=\skip46
\subfigcaptopadj=\dimen109
\subfigbottomskip=\skip47
\subfigcapmargin=\dimen110
\subfiglabelskip=\skip48
\c@subfigure=\count90
\c@lofdepth=\count91
\c@subtable=\count92
\c@lotdepth=\count93

****************************************
* Local config file subfigure.cfg used *
****************************************
(C:\Users\Kevin\AppData\Roaming\MiKTeX\2.9\tex\latex\subfigure\subfigure.cfg)
\subfig@top=\skip49
\subfig@bottom=\skip50
)
("C:\Program Files (x86)\MiKTeX 2.9\tex\latex\amsfonts\amssymb.sty"
Package: amssymb 2013/01/14 v3.01 AMS font symbols

("C:\Program Files (x86)\MiKTeX 2.9\tex\latex\amsfonts\amsfonts.sty"
Package: amsfonts 2013/01/14 v3.01 Basic AMSFonts support
\@emptytoks=\toks15
\symAMSa=\mathgroup4
\symAMSb=\mathgroup5
LaTeX Font Info:    Overwriting math alphabet `\mathfrak' in version `bold'
(Font)                  U/euf/m/n --> U/euf/b/n on input line 106.
))
("C:\Program Files (x86)\MiKTeX 2.9\tex\latex\amsmath\amsbsy.sty"
Package: amsbsy 1999/11/29 v1.2d

("C:\Program Files (x86)\MiKTeX 2.9\tex\latex\amsmath\amsgen.sty"
File: amsgen.sty 1999/11/30 v2.0
\@emptytoks=\toks16
\ex@=\dimen111
)
\pmbraise@=\dimen112
)
("C:\Program Files (x86)\MiKTeX 2.9\tex\latex\amscls\amsthm.sty"
Package: amsthm 2004/08/06 v2.20
\thm@style=\toks17
\thm@bodyfont=\toks18
\thm@headfont=\toks19
\thm@notefont=\toks20
\thm@headpunct=\toks21
\thm@preskip=\skip51
\thm@postskip=\skip52
\thm@headsep=\skip53
\dth@everypar=\toks22
)
("C:\Program Files (x86)\MiKTeX 2.9\tex\latex\amsmath\amsmath.sty"
Package: amsmath 2013/01/14 v2.14 AMS math features
\@mathmargin=\skip54

For additional information on amsmath, use the `?' option.
("C:\Program Files (x86)\MiKTeX 2.9\tex\latex\amsmath\amstext.sty"
Package: amstext 2000/06/29 v2.01
)
("C:\Program Files (x86)\MiKTeX 2.9\tex\latex\amsmath\amsopn.sty"
Package: amsopn 1999/12/14 v2.01 operator names
)
\inf@bad=\count94
LaTeX Info: Redefining \frac on input line 210.
\uproot@=\count95
\leftroot@=\count96
LaTeX Info: Redefining \overline on input line 306.
\classnum@=\count97
\DOTSCASE@=\count98
LaTeX Info: Redefining \ldots on input line 378.
LaTeX Info: Redefining \dots on input line 381.
LaTeX Info: Redefining \cdots on input line 466.
\Mathstrutbox@=\box26
\strutbox@=\box27
\big@size=\dimen113
LaTeX Font Info:    Redeclaring font encoding OML on input line 566.
LaTeX Font Info:    Redeclaring font encoding OMS on input line 567.
\macc@depth=\count99
\c@MaxMatrixCols=\count100
\dotsspace@=\muskip10
\c@parentequation=\count101
\dspbrk@lvl=\count102
\tag@help=\toks23
\row@=\count103
\column@=\count104
\maxfields@=\count105
\andhelp@=\toks24
\eqnshift@=\dimen114
\alignsep@=\dimen115
\tagshift@=\dimen116
\tagwidth@=\dimen117
\totwidth@=\dimen118
\lineht@=\dimen119
\@envbody=\toks25
\multlinegap=\skip55
\multlinetaggap=\skip56
\mathdisplay@stack=\toks26
LaTeX Info: Redefining \[ on input line 2665.
LaTeX Info: Redefining \] on input line 2666.
)
("C:\Users\Kevin\Documents\GitHub\MCSarchive\Master Chaps 1 and 2 Oct 27.aux")
LaTeX Font Info:    Checking defaults for OML/cmm/m/it on input line 22.
LaTeX Font Info:    ... okay on input line 22.
LaTeX Font Info:    Checking defaults for T1/cmr/m/n on input line 22.
LaTeX Font Info:    ... okay on input line 22.
LaTeX Font Info:    Checking defaults for OT1/cmr/m/n on input line 22.
LaTeX Font Info:    ... okay on input line 22.
LaTeX Font Info:    Checking defaults for OMS/cmsy/m/n on input line 22.
LaTeX Font Info:    ... okay on input line 22.
LaTeX Font Info:    Checking defaults for OMX/cmex/m/n on input line 22.
LaTeX Font Info:    ... okay on input line 22.
LaTeX Font Info:    Checking defaults for U/cmr/m/n on input line 22.
LaTeX Font Info:    ... okay on input line 22.

(C:\Users\Kevin\AppData\Roaming\MiKTeX\2.9\tex\context\base\supp-pdf.mkii
[Loading MPS to PDF converter (version 2006.09.02).]
\scratchcounter=\count106
\scratchdimen=\dimen120
\scratchbox=\box28
\nofMPsegments=\count107
\nofMParguments=\count108
\everyMPshowfont=\toks27
\MPscratchCnt=\count109
\MPscratchDim=\dimen121
\MPnumerator=\count110
\makeMPintoPDFobject=\count111
\everyMPtoPDFconversion=\toks28
)
LaTeX Font Info:    Try loading font information for U+msa on input line 26.
 ("C:\Program Files (x86)\MiKTeX 2.9\tex\latex\amsfonts\umsa.fd"
File: umsa.fd 2013/01/14 v3.01 AMS symbols A
)
LaTeX Font Info:    Try loading font information for U+msb on input line 26.

("C:\Program Files (x86)\MiKTeX 2.9\tex\latex\amsfonts\umsb.fd"
File: umsb.fd 2013/01/14 v3.01 AMS symbols B
) [1

{C:/Users/Kevin/AppData/Local/MiKTeX/2.9/pdftex/config/pdftex.map}]
No file Master*Chaps*1*and*2*Oct*27.toc.
\tf@toc=\write3
[1

]
Chapter 1.

Package natbib Warning: Citation `ludbrook97' on page 2 undefined on input line
 38.


Package natbib Warning: Citation `Myles' on page 2 undefined on input line 39.


Package natbib Warning: Citation `Krumm' on page 2 undefined on input line 39.


Package natbib Warning: Citation `Grubbs73' on page 2 undefined on input line 4
3.

[2

]

Package natbib Warning: Citation `Barnhart' on page 3 undefined on input line 8
9.

[3] [4] [5]

Package natbib Warning: Citation `BA83' on page 6 undefined on input line 177.


LaTeX Warning: File `GrubbsScatter.jpeg' not found on input line 185.


! Package pdftex.def Error: File `GrubbsScatter.jpeg' not found.

See the pdftex.def package documentation for explanation.
Type  H <return>  for immediate help.
 ...                                              
                                                  
l.185 ...graphics[width=125mm]{GrubbsScatter.jpeg}
                                                  
Using draft setting for this image.
Try typing  <return>  to proceed.
If that doesn't work, type  X <return>  to quit.


LaTeX Warning: `!h' float specifier changed to `!ht'.


Package natbib Warning: Citation `Dewitte' on page 6 undefined on input line 19
0.

[6] [7]

Package natbib Warning: Citation `BA83' on page 8 undefined on input line 200.


Package natbib Warning: Citation `BA83' on page 8 undefined on input line 206.


Package natbib Warning: Citation `BA83' on page 8 undefined on input line 206.


Package natbib Warning: Citation `BA86' on page 8 undefined on input line 215.

[8] [9] [10]

LaTeX Warning: File `GrubbsBAplot-noLOA.jpeg' not found on input line 294.


! Package pdftex.def Error: File `GrubbsBAplot-noLOA.jpeg' not found.

See the pdftex.def package documentation for explanation.
Type  H <return>  for immediate help.
 ...                                              
                                                  
l.294 ...ics[width=120mm]{GrubbsBAplot-noLOA.jpeg}
                                                  
Using draft setting for this image.
Try typing  <return>  to proceed.
If that doesn't work, type  X <return>  to quit.


LaTeX Warning: File `GrubbsDataTwoBAplots.jpeg' not found on input line 310.


! Package pdftex.def Error: File `GrubbsDataTwoBAplots.jpeg' not found.

See the pdftex.def package documentation for explanation.
Type  H <return>  for immediate help.
 ...                                              
                                                  
l.310 ...s[height=90mm]{GrubbsDataTwoBAplots.jpeg}
                                                  
Using draft setting for this image.
Try typing  <return>  to proceed.
If that doesn't work, type  X <return>  to quit.


LaTeX Warning: `!h' float specifier changed to `!ht'.

[11]

Package natbib Warning: Citation `BA86' on page 12 undefined on input line 318.



Package natbib Warning: Citation `BAcite' on page 12 undefined on input line 32
0.


Package natbib Warning: Citation `Dewitte' on page 12 undefined on input line 3
20.


Package natbib Warning: Citation `Dewitte' on page 12 undefined on input line 3
22.

Missing character: There is no – in font cmr12!
Missing character: There is no – in font cmr12!

Package natbib Warning: Citation `hollis' on page 12 undefined on input line 33
0.


Package natbib Warning: Citation `BritHypSoc' on page 12 undefined on input lin
e 331.

[12]

Package natbib Warning: Citation `ludbrook97' on page 13 undefined on input lin
e 345.


Package natbib Warning: Citation `BH' on page 13 undefined on input line 359.

<BAFanEffect.jpeg, id=51, 1027.84pt x 694.595pt>
File: BAFanEffect.jpeg Graphic file (type jpg)
 <use BAFanEffect.jpeg>
Package pdftex.def Info: BAFanEffect.jpeg used on input line 363.
(pdftex.def)             Requested size: 378.94606pt x 256.0748pt.


LaTeX Warning: `!h' float specifier changed to `!ht'.

<PropBias.jpeg, id=52, 1027.84pt x 694.595pt>
File: PropBias.jpeg Graphic file (type jpg)
 <use PropBias.jpeg>
Package pdftex.def Info: PropBias.jpeg used on input line 370.
(pdftex.def)             Requested size: 378.94606pt x 256.0748pt.


LaTeX Warning: `!h' float specifier changed to `!ht'.

<BAOutliers.jpeg, id=53, 1027.84pt x 694.595pt>
File: BAOutliers.jpeg Graphic file (type jpg)
 <use BAOutliers.jpeg>
Package pdftex.def Info: BAOutliers.jpeg used on input line 377.
(pdftex.def)             Requested size: 355.65944pt x 240.34564pt.


LaTeX Warning: `!h' float specifier changed to `!ht'.

[13]

LaTeX Warning: Text page 14 contains only floats.

[14 <C:/Users/Kevin/Documents/GitHub/MCSarchive/BAFanEffect.jpeg> <C:/Users/Kev
in/Documents/GitHub/MCSarchive/PropBias.jpeg>]

Package natbib Warning: Citation `BA99' on page 15 undefined on input line 389.



Package natbib Warning: Citation `Bartko' on page 15 undefined on input line 39
8.


Package natbib Warning: Citation `AltmanEllipse' on page 15 undefined on input 
line 400.

[15 <C:/Users/Kevin/Documents/GitHub/MCSarchive/BAOutliers.jpeg>]

LaTeX Warning: File `GrubbsBartko.jpeg' not found on input line 422.


! Package pdftex.def Error: File `GrubbsBartko.jpeg' not found.

See the pdftex.def package documentation for explanation.
Type  H <return>  for immediate help.
 ...                                              
                                                  
l.422 ...egraphics[width=130mm]{GrubbsBartko.jpeg}
                                                  
Using draft setting for this image.
Try typing  <return>  to proceed.
If that doesn't work, type  X <return>  to quit.

[16]

LaTeX Warning: File `GrubbsBartko2.jpeg' not found on input line 440.


! Package pdftex.def Error: File `GrubbsBartko2.jpeg' not found.

See the pdftex.def package documentation for explanation.
Type  H <return>  for immediate help.
 ...                                              
                                                  
l.440 ...graphics[width=130mm]{GrubbsBartko2.jpeg}
                                                  
Using draft setting for this image.
Try typing  <return>  to proceed.
If that doesn't work, type  X <return>  to quit.

[17] [18]

Package natbib Warning: Citation `BA99' on page 19 undefined on input line 492.



Package natbib Warning: Citation `BA99' on page 19 undefined on input line 511.



Package natbib Warning: Citation `BA99' on page 19 undefined on input line 528.



Package natbib Warning: Citation `BXC2008' on page 19 undefined on input line 5
42.


Package natbib Warning: Citation `BXC2008' on page 19 undefined on input line 5
50.

[19]

Package natbib Warning: Citation `luiz' on page 20 undefined on input line 561.



Package natbib Warning: Citation `Barnhart' on page 20 undefined on input line 
565.


Package natbib Warning: Citation `mantha' on page 20 undefined on input line 57
1.


Package natbib Warning: Citation `BXC2008' on page 20 undefined on input line 6
03.

[20]

Package natbib Warning: Citation `BA86' on page 21 undefined on input line 606.



Package natbib Warning: Citation `BA86' on page 21 undefined on input line 619.



Package natbib Warning: Citation `BXC2008' on page 21 undefined on input line 6
21.


Package natbib Warning: Citation `BXC2008' on page 21 undefined on input line 6
26.


Package natbib Warning: Citation `BA83' on page 21 undefined on input line 637.



Package natbib Warning: Citation `Cohen' on page 21 undefined on input line 643
.


Package natbib Warning: Citation `BA86' on page 21 undefined on input line 647.



Package natbib Warning: Citation `BA99' on page 21 undefined on input line 647.



Package natbib Warning: Citation `BA99' on page 21 undefined on input line 648.



Package natbib Warning: Citation `BA99' on page 21 undefined on input line 650.


[21]

Package natbib Warning: Citation `DunnSEME' on page 22 undefined on input line 
654.


Package natbib Warning: Citation `linnet98' on page 22 undefined on input line 
660.


Package natbib Warning: Citation `DunnSEME' on page 22 undefined on input line 
660.


Package natbib Warning: Citation `BB89' on page 22 undefined on input line 669.



Package natbib Warning: Citation `BB89' on page 22 undefined on input line 681.



Package natbib Warning: Citation `Bartko' on page 22 undefined on input line 68
5.

[22]

Package natbib Warning: Citation `CornCoch' on page 23 undefined on input line 
741.


Package natbib Warning: Citation `ludbrook97' on page 23 undefined on input lin
e 741.


Package natbib Warning: Citation `BA83' on page 23 undefined on input line 744.



Package natbib Warning: Citation `ludbrook97' on page 23 undefined on input lin
e 744.

[23]

Package natbib Warning: Citation `CornCoch' on page 24 undefined on input line 
750.


Package natbib Warning: Citation `ludbrook97' on page 24 undefined on input lin
e 750.


Package natbib Warning: Citation `ludbrook' on page 24 undefined on input line 
764.

[24] [25]
Chapter 2.

Package natbib Warning: Citation `Fisher4' on page 26 undefined on input line 7
89.


Package natbib Warning: Citation `tippett' on page 26 undefined on input line 7
92.


Package natbib Warning: Citation `eisenhart' on page 26 undefined on input line
 792.


Package natbib Warning: Citation `Henderson:1950' on page 26 undefined on input
 line 792.


Package natbib Warning: Citation `Henderson53' on page 26 undefined on input li
ne 793.


Package natbib Warning: Citation `Henderson59' on page 26 undefined on input li
ne 793.


Package natbib Warning: Citation `Henderson63' on page 26 undefined on input li
ne 793.


Package natbib Warning: Citation `Henderson73' on page 26 undefined on input li
ne 793.


Package natbib Warning: Citation `Henderson84a' on page 26 undefined on input l
ine 793.

[26

]

Package natbib Warning: Citation `HartleyRao' on page 27 undefined on input lin
e 795.


Package natbib Warning: Citation `PattersonThompson' on page 27 undefined on in
put line 795.


Package natbib Warning: Citation `LW82' on page 27 undefined on input line 797.



Package natbib Warning: Citation `singer' on page 27 undefined on input line 79
7.


Package natbib Warning: Citation `PB' on page 27 undefined on input line 797.


! Package amsmath Error: Old form `\pmatrix' should be \begin{pmatrix}.

See the amsmath package documentation for explanation.
Type  H <return>  for immediate help.
 ...                                              
                                                  
l.809 \pmatrix
              {
`\pmatrix{...}' is old Plain-TeX syntax whose use is ill-advised in LaTeX.

! Misplaced \cr.
l.810   b \cr
             
I can't figure out why you would want to use a tab mark
or \cr or \span just now. If something like a right brace
up above has ended a previous alignment prematurely,
you're probably due for more error messages, and you
might try typing `S' now just to see what is salvageable.


! Package amsmath Error: Old form `\pmatrix' should be \begin{pmatrix}.

See the amsmath package documentation for explanation.
Type  H <return>  for immediate help.
 ...                                              
                                                  
l.812 \pmatrix
              {
`\pmatrix{...}' is old Plain-TeX syntax whose use is ill-advised in LaTeX.

! Misplaced alignment tab character &.
l.813   D &
            0 \cr
I can't figure out why you would want to use a tab mark
here. If you just want an ampersand, the remedy is
simple: Just type `I\&' now. But if some right brace
up above has ended a previous alignment prematurely,
you're probably due for more error messages, and you
might try typing `S' now just to see what is salvageable.

! Misplaced \cr.
l.813   D & 0 \cr
                 
I can't figure out why you would want to use a tab mark
or \cr or \span just now. If something like a right brace
up above has ended a previous alignment prematurely,
you're probably due for more error messages, and you
might try typing `S' now just to see what is salvageable.

! Misplaced alignment tab character &.
l.814   0 &
            \Sigma }
I can't figure out why you would want to use a tab mark
here. If you just want an ampersand, the remedy is
simple: Just type `I\&' now. But if some right brace
up above has ended a previous alignment prematurely,
you're probably due for more error messages, and you
might try typing `S' now just to see what is salvageable.

! Missing \right. inserted.
<inserted text> 
                \right .
l.815 \]
        
I've inserted something that you may have forgotten.
(See the <inserted text> above.)
With luck, this will get me unwedged. But if you
really didn't forget anything, try typing `2' now; then
my insertion and my current dilemma will both disappear.

! Missing \right. inserted.
<inserted text> 
                \right .
l.815 \]
        
I've inserted something that you may have forgotten.
(See the <inserted text> above.)
With luck, this will get me unwedged. But if you
really didn't forget anything, try typing `2' now; then
my insertion and my current dilemma will both disappear.

[27]

LaTeX Warning: Reference `LW' on page 28 undefined on input line 827.

[28]

LaTeX Warning: Reference `mle:beta:hat' on page 29 undefined on input line 848.



LaTeX Warning: Reference `Likelihood:MarginalModel' on page 29 undefined on inp
ut line 848.


Package natbib Warning: Citation `REMLDefine' on page 29 undefined on input lin
e 867.


LaTeX Warning: Reference `mle:beta:hat' on page 29 undefined on input line 874.



LaTeX Warning: Reference `Henderson:Equations' on page 29 undefined on input li
ne 874.

[29]

Package natbib Warning: Citation `EM' on page 30 undefined on input line 878.

[30]

Package natbib Warning: Citation `Pawi:in:2001' on page 31 undefined on input l
ine 893.


Package natbib Warning: Citation `Lee:Neld:hier:1996' on page 31 undefined on i
nput line 893.


Package natbib Warning: Citation `Gree:Silv:nonp:1994' on page 31 undefined on 
input line 893.


Package natbib Warning: Citation `Gree:Silv:nonp:1994' on page 31 undefined on 
input line 893.


Package natbib Warning: Citation `Henderson:1950' on page 31 undefined on input
 line 893.


LaTeX Warning: Reference `Henderson:Equations' on page 31 undefined on input li
ne 900.


LaTeX Warning: Reference `Henderson:Equations' on page 31 undefined on input li
ne 903.


! Package amsmath Error: Old form `\pmatrix' should be \begin{pmatrix}.

See the amsmath package documentation for explanation.
Type  H <return>  for immediate help.
 ...                                              
                                                  
l.905 \delta = \pmatrix
                       {\beta \cr b},
`\pmatrix{...}' is old Plain-TeX syntax whose use is ill-advised in LaTeX.

! Misplaced \cr.
l.905 \delta = \pmatrix{\beta \cr
                                  b},
I can't figure out why you would want to use a tab mark
or \cr or \span just now. If something like a right brace
up above has ended a previous alignment prematurely,
you're probably due for more error messages, and you
might try typing `S' now just to see what is salvageable.


! Package amsmath Error: Old form `\pmatrix' should be \begin{pmatrix}.

See the amsmath package documentation for explanation.
Type  H <return>  for immediate help.
 ...                                              
                                                  
l.906 \ y_{a} = \pmatrix
                        {
`\pmatrix{...}' is old Plain-TeX syntax whose use is ill-advised in LaTeX.

! Misplaced \cr.
l.907   y \cr
              \psi
I can't figure out why you would want to use a tab mark
or \cr or \span just now. If something like a right brace
up above has ended a previous alignment prematurely,
you're probably due for more error messages, and you
might try typing `S' now just to see what is salvageable.


! Package amsmath Error: Old form `\pmatrix' should be \begin{pmatrix}.

See the amsmath package documentation for explanation.
Type  H <return>  for immediate help.
 ...                                              
                                                  
l.909 \ T = \pmatrix
                    {
`\pmatrix{...}' is old Plain-TeX syntax whose use is ill-advised in LaTeX.

! Misplaced alignment tab character &.
l.910   X &
            Z  \cr
I can't figure out why you would want to use a tab mark
here. If you just want an ampersand, the remedy is
simple: Just type `I\&' now. But if some right brace
up above has ended a previous alignment prematurely,
you're probably due for more error messages, and you
might try typing `S' now just to see what is salvageable.

! Misplaced \cr.
l.910   X & Z  \cr
                  
I can't figure out why you would want to use a tab mark
or \cr or \span just now. If something like a right brace
up above has ended a previous alignment prematurely,
you're probably due for more error messages, and you
might try typing `S' now just to see what is salvageable.

! Misplaced alignment tab character &.
l.911   0 &
            I
I can't figure out why you would want to use a tab mark
here. If you just want an ampersand, the remedy is
simple: Just type `I\&' now. But if some right brace
up above has ended a previous alignment prematurely,
you're probably due for more error messages, and you
might try typing `S' now just to see what is salvageable.


! Package amsmath Error: Old form `\pmatrix' should be \begin{pmatrix}.

See the amsmath package documentation for explanation.
Type  H <return>  for immediate help.
 ...                                              
                                                  
l.913 \ \textrm{and} \ W = \pmatrix
                                   {
`\pmatrix{...}' is old Plain-TeX syntax whose use is ill-advised in LaTeX.

! Misplaced alignment tab character &.
l.914   \Sigma &
                 0  \cr
I can't figure out why you would want to use a tab mark
here. If you just want an ampersand, the remedy is
simple: Just type `I\&' now. But if some right brace
up above has ended a previous alignment prematurely,
you're probably due for more error messages, and you
might try typing `S' now just to see what is salvageable.

! Misplaced \cr.
l.914   \Sigma & 0  \cr
                       
I can't figure out why you would want to use a tab mark
or \cr or \span just now. If something like a right brace
up above has ended a previous alignment prematurely,
you're probably due for more error messages, and you
might try typing `S' now just to see what is salvageable.

! Misplaced alignment tab character &.
l.915   0 &
             D },
I can't figure out why you would want to use a tab mark
here. If you just want an ampersand, the remedy is
simple: Just type `I\&' now. But if some right brace
up above has ended a previous alignment prematurely,
you're probably due for more error messages, and you
might try typing `S' now just to see what is salvageable.

! Missing \right. inserted.
<inserted text> 
                \right .
l.916 \]
        
I've inserted something that you may have forgotten.
(See the <inserted text> above.)
With luck, this will get me unwedged. But if you
really didn't forget anything, try typing `2' now; then
my insertion and my current dilemma will both disappear.

! Missing \right. inserted.
<inserted text> 
                \right .
l.916 \]
        
I've inserted something that you may have forgotten.
(See the <inserted text> above.)
With luck, this will get me unwedged. But if you
really didn't forget anything, try typing `2' now; then
my insertion and my current dilemma will both disappear.

! Missing \right. inserted.
<inserted text> 
                \right .
l.916 \]
        
I've inserted something that you may have forgotten.
(See the <inserted text> above.)
With luck, this will get me unwedged. But if you
really didn't forget anything, try typing `2' now; then
my insertion and my current dilemma will both disappear.

! Missing \right. inserted.
<inserted text> 
                \right .
l.916 \]
        
I've inserted something that you may have forgotten.
(See the <inserted text> above.)
With luck, this will get me unwedged. But if you
really didn't forget anything, try typing `2' now; then
my insertion and my current dilemma will both disappear.


Package natbib Warning: Citation `Lee:Neld:Pawi:2006' on page 31 undefined on i
nput line 917.

[31] [32]

Package natbib Warning: Citation `lam' on page 33 undefined on input line 925.


Package natbib Warning: Citation `hamlett' on page 33 undefined on input line 9
25.

[33]

Package natbib Warning: Citation `hamlett' on page 34 undefined on input line 9
84.


Package natbib Warning: Citation `lam' on page 34 undefined on input line 984.


Package natbib Warning: Citation `roy' on page 34 undefined on input line 984.


Package natbib Warning: Citation `roy2006' on page 34 undefined on input line 9
84.

[34]

Package natbib Warning: Citation `roy' on page 35 undefined on input line 986.


Package natbib Warning: Citation `hamlett' on page 35 undefined on input line 9
88.


Package natbib Warning: Citation `hamlett' on page 35 undefined on input line 1
008.

[35]

Package natbib Warning: Citation `hamlett' on page 36 undefined on input line 1
027.

[36]

Package natbib Warning: Citation `BXC2008' on page 37 undefined on input line 1
031.


Package natbib Warning: Citation `BXC2008' on page 37 undefined on input line 1
031.


Package natbib Warning: Citation `BA99' on page 37 undefined on input line 1031
.


Package natbib Warning: Citation `roy' on page 37 undefined on input line 1036.


[37]

Package natbib Warning: Citation `roy' on page 38 undefined on input line 1059.


[38]

Package natbib Warning: Citation `BA99' on page 39 undefined on input line 1072
.

[39] [40]

Package natbib Warning: Citation `hamlett' on page 41 undefined on input line 1
133.

[41]

Package natbib Warning: Citation `BXC2008' on page 42 undefined on input line 1
151.


Package natbib Warning: Citation `BXC2008' on page 42 undefined on input line 1
151.


Package natbib Warning: Citation `BXC2008' on page 42 undefined on input line 1
178.

[42]

Package natbib Warning: Citation `roy' on page 43 undefined on input line 1188.



Package natbib Warning: Citation `BXC2008' on page 43 undefined on input line 1
199.


Overfull \hbox (12.98676pt too wide) in paragraph at lines 1198--1200
\OT1/cmr/m/n/12 are con-sis-tent with the es-ti-mates given by \OT1/cmr/bx/n/12
 ?\OT1/cmr/m/n/12 ; $0\OML/cmm/m/it/12 :\OT1/cmr/m/n/12 044884 \OMS/cmsy/m/n/12
  \OT1/cmr/m/n/12 1\OML/cmm/m/it/12 :\OT1/cmr/m/n/12 96 \OMS/cmsy/m/n/12  \OT
1/cmr/m/n/12 0\OML/cmm/m/it/12 :\OT1/cmr/m/n/12 1373979 = (\OMS/cmsy/m/n/12  \O
T1/cmr/m/n/12 0\OML/cmm/m/it/12 :\OT1/cmr/m/n/12 224\OML/cmm/m/it/12 ; \OT1/cmr
/m/n/12 0\OML/cmm/m/it/12 :\OT1/cmr/m/n/12 314)\OML/cmm/m/it/12 :$ 
 []


Package natbib Warning: Citation `BXC2008' on page 43 undefined on input line 1
203.


Package natbib Warning: Citation `BXC2008' on page 43 undefined on input line 1
205.

Missing character: There is no ’ in font cmr12!

Package natbib Warning: Citation `BXC2008' on page 43 undefined on input line 1
208.

[43]

Package natbib Warning: Citation `BXC2008' on page 44 undefined on input line 1
210.


Overfull \hbox (11.50177pt too wide) in paragraph at lines 1212--1213
\OT1/cmr/m/n/12 ad-di-tional terms, are found to be con-sis-tent with the `in-t
er-ac-tion' model; $(\OMS/cmsy/m/n/12  \OT1/cmr/m/n/12 9\OML/cmm/m/it/12 :\OT1/
cmr/m/n/12 562\OML/cmm/m/it/12 ; \OT1/cmr/m/n/12 14\OML/cmm/m/it/12 :\OT1/cmr/m
/n/12 504)$.
 []


! Package amsmath Error: Old form `\pmatrix' should be \begin{pmatrix}.

See the amsmath package documentation for explanation.
Type  H <return>  for immediate help.
 ...                                              
                                                  
l.1214 \hat{\boldsymbol{\Lambda}}_{1}= \pmatrix
                                               {
`\pmatrix{...}' is old Plain-TeX syntax whose use is ill-advised in LaTeX.

! Misplaced alignment tab character &.
l.1215  16.61 &
               	11.67\cr
I can't figure out why you would want to use a tab mark
here. If you just want an ampersand, the remedy is
simple: Just type `I\&' now. But if some right brace
up above has ended a previous alignment prematurely,
you're probably due for more error messages, and you
might try typing `S' now just to see what is salvageable.

! Misplaced \cr.
l.1215  16.61 &	11.67\cr
                        
I can't figure out why you would want to use a tab mark
or \cr or \span just now. If something like a right brace
up above has ended a previous alignment prematurely,
you're probably due for more error messages, and you
might try typing `S' now just to see what is salvageable.

! Misplaced alignment tab character &.
l.1216 11.67 &
               27.65 }\qquad
I can't figure out why you would want to use a tab mark
here. If you just want an ampersand, the remedy is
simple: Just type `I\&' now. But if some right brace
up above has ended a previous alignment prematurely,
you're probably due for more error messages, and you
might try typing `S' now just to see what is salvageable.


! Package amsmath Error: Old form `\pmatrix' should be \begin{pmatrix}.

See the amsmath package documentation for explanation.
Type  H <return>  for immediate help.
 ...                                              
                                                  
l.1217 \boldsymbol{\hat{\Lambda}}_{2}= \pmatrix
                                               {
`\pmatrix{...}' is old Plain-TeX syntax whose use is ill-advised in LaTeX.

! Misplaced alignment tab character &.
l.1218     7.55 &
                  2.60 \cr
I can't figure out why you would want to use a tab mark
here. If you just want an ampersand, the remedy is
simple: Just type `I\&' now. But if some right brace
up above has ended a previous alignment prematurely,
you're probably due for more error messages, and you
might try typing `S' now just to see what is salvageable.

! Misplaced \cr.
l.1218     7.55 & 2.60 \cr
                          
I can't figure out why you would want to use a tab mark
or \cr or \span just now. If something like a right brace
up above has ended a previous alignment prematurely,
you're probably due for more error messages, and you
might try typing `S' now just to see what is salvageable.

! Misplaced alignment tab character &.
l.1219     2.60 &
                  18.59}.
I can't figure out why you would want to use a tab mark
here. If you just want an ampersand, the remedy is
simple: Just type `I\&' now. But if some right brace
up above has ended a previous alignment prematurely,
you're probably due for more error messages, and you
might try typing `S' now just to see what is salvageable.

! You can't use `\eqno' in math mode.
\endmathdisplay@a ...\df@tag \@empty \else \veqno 
                                                  \alt@tag \df@tag \fi \ifx ...
l.1220 \end{equation}
                     
Sorry, but I'm not programmed to handle this case;
I'll just pretend that you didn't ask for it.
If you're in the wrong mode, you might be able to
return to the right one by typing `I}' or `I$' or `I\par'.

! Missing \right. inserted.
<inserted text> 
                \right .
l.1220 \end{equation}
                     
I've inserted something that you may have forgotten.
(See the <inserted text> above.)
With luck, this will get me unwedged. But if you
really didn't forget anything, try typing `2' now; then
my insertion and my current dilemma will both disappear.

! Missing \right. inserted.
<inserted text> 
                \right .
l.1220 \end{equation}
                     
I've inserted something that you may have forgotten.
(See the <inserted text> above.)
With luck, this will get me unwedged. But if you
really didn't forget anything, try typing `2' now; then
my insertion and my current dilemma will both disappear.


Package natbib Warning: Citation `akaike' on page 44 undefined on input line 12
24.

[44]

Package natbib Warning: Citation `roy' on page 45 undefined on input line 1232.


[45]

Package natbib Warning: Citation `PB' on page 46 undefined on input line 1239.

[46]
Underfull \hbox (badness 10000) in paragraph at lines 1243--1244

 []


Package natbib Warning: Citation `roy' on page 47 undefined on input line 1253.



Underfull \hbox (badness 10000) in paragraph at lines 1253--1256

 []

[47]
Underfull \hbox (badness 10000) in paragraph at lines 1267--1269

 []


Underfull \hbox (badness 10000) in paragraph at lines 1279--1281

 []

[48]

Package natbib Warning: Citation `hamlett' on page 49 undefined on input line 1
306.

[49]

Package natbib Warning: Citation `BXC2008' on page 50 undefined on input line 1
309.


Package natbib Warning: Citation `roy' on page 50 undefined on input line 1309.



Package natbib Warning: Citation `roy' on page 50 undefined on input line 1309.


No file Master*Chaps*1*and*2*Oct*27.bbl.

Package natbib Warning: There were undefined citations.

[50]
("C:\Users\Kevin\Documents\GitHub\MCSarchive\Master Chaps 1 and 2 Oct 27.aux")

LaTeX Warning: There were undefined references.


LaTeX Warning: Label(s) may have changed. Rerun to get cross-references right.

 ) 
Here is how much of TeX's memory you used:
 2814 strings out of 493921
 35206 string characters out of 3144875
 96802 words of memory out of 3000000
 6074 multiletter control sequences out of 15000+200000
 15987 words of font info for 60 fonts, out of 3000000 for 9000
 841 hyphenation exceptions out of 8191
 27i,12n,26p,915b,264s stack positions out of 5000i,500n,10000p,200000b,50000s
<C:/Program Files (x86)/MiKTeX 2.9/fonts/type1/public/amsfonts/cm/cmbx12.pfb>
<C:/Program Files (x86)/MiKTeX 2.9/fonts/type1/public/amsfonts/cm/cmbx8.pfb><C:
/Program Files (x86)/MiKTeX 2.9/fonts/type1/public/amsfonts/cm/cmex10.pfb><C:/P
rogram Files (x86)/MiKTeX 2.9/fonts/type1/public/amsfonts/cm/cmmi12.pfb><C:/Pro
gram Files (x86)/MiKTeX 2.9/fonts/type1/public/amsfonts/cm/cmmi6.pfb><C:/Progra
m Files (x86)/MiKTeX 2.9/fonts/type1/public/amsfonts/cm/cmmi8.pfb><C:/Program F
iles (x86)/MiKTeX 2.9/fonts/type1/public/amsfonts/cm/cmmib10.pfb><C:/Program Fi
les (x86)/MiKTeX 2.9/fonts/type1/public/amsfonts/cmextra/cmmib6.pfb><C:/Program
 Files (x86)/MiKTeX 2.9/fonts/type1/public/amsfonts/cmextra/cmmib8.pfb><C:/Prog
ram Files (x86)/MiKTeX 2.9/fonts/type1/public/amsfonts/cm/cmr12.pfb><C:/Program
 Files (x86)/MiKTeX 2.9/fonts/type1/public/amsfonts/cm/cmr17.pfb><C:/Program Fi
les (x86)/MiKTeX 2.9/fonts/type1/public/amsfonts/cm/cmr6.pfb><C:/Program Files 
(x86)/MiKTeX 2.9/fonts/type1/public/amsfonts/cm/cmr8.pfb><C:/Program Files (x86
)/MiKTeX 2.9/fonts/type1/public/amsfonts/cm/cmsy10.pfb><C:/Program Files (x86)/
MiKTeX 2.9/fonts/type1/public/amsfonts/cm/cmsy6.pfb><C:/Program Files (x86)/MiK
TeX 2.9/fonts/type1/public/amsfonts/cm/cmsy8.pfb><C:/Program Files (x86)/MiKTeX
 2.9/fonts/type1/public/amsfonts/cm/cmti12.pfb><C:/Program Files (x86)/MiKTeX 2
.9/fonts/type1/public/amsfonts/cm/cmtt12.pfb>
Output written on "Master Chaps 1 and 2 Oct 27.pdf" (51 pages, 543252 bytes).
PDF statistics:
 242 PDF objects out of 1000 (max. 8388607)
 0 named destinations out of 1000 (max. 500000)
 16 words of extra memory for PDF output out of 10000 (max. 10000000)

