This is pdfTeX, Version 3.1415926-1.40.9 (MiKTeX 2.7) (preloaded format=pdflatex 2010.4.3)  3 NOV 2011 14:53
entering extended mode
**C:/Documents*and*Settings/kevin.obrien/My*Documents/WRITEUP/TransferMaster.te
x

("C:/Documents and Settings/kevin.obrien/My Documents/WRITEUP/TransferMaster.te
x"
LaTeX2e <2005/12/01>
Babel <v3.8l> and hyphenation patterns for english, dumylang, nohyphenation, ge
rman, ngerman, german-x-2008-06-18, ngerman-x-2008-06-18, french, loaded.
("C:\Program Files\MiKTeX 2.7\tex\latex\base\report.cls"
Document Class: report 2005/09/16 v1.4f Standard LaTeX document class
("C:\Program Files\MiKTeX 2.7\tex\latex\base\size12.clo"
File: size12.clo 2005/09/16 v1.4f Standard LaTeX file (size option)
)
\c@part=\count79
\c@chapter=\count80
\c@section=\count81
\c@subsection=\count82
\c@subsubsection=\count83
\c@paragraph=\count84
\c@subparagraph=\count85
\c@figure=\count86
\c@table=\count87
\abovecaptionskip=\skip41
\belowcaptionskip=\skip42
\bibindent=\dimen102
)
("C:\Program Files\MiKTeX 2.7\tex\latex\natbib\natbib.sty"
Package: natbib 2009/02/02 8.3 (PWD, AO)
\bibhang=\skip43
\bibsep=\skip44
LaTeX Info: Redefining \cite on input line 694.
\c@NAT@ctr=\count88
)
("C:\Program Files\MiKTeX 2.7\tex\latex\ieeepes\vmargin.sty"
Package: vmargin 1999/06/01

Package `vmargin', V2.2, <1999/06/01>
\PaperWidth=\dimen103
\PaperHeight=\dimen104
) ("C:\Program Files\MiKTeX 2.7\tex\latex\graphics\graphicx.sty"
Package: graphicx 1999/02/16 v1.0f Enhanced LaTeX Graphics (DPC,SPQR)

("C:\Program Files\MiKTeX 2.7\tex\latex\graphics\keyval.sty"
Package: keyval 1999/03/16 v1.13 key=value parser (DPC)
\KV@toks@=\toks14
)
("C:\Program Files\MiKTeX 2.7\tex\latex\graphics\graphics.sty"
Package: graphics 2006/02/20 v1.0o Standard LaTeX Graphics (DPC,SPQR)

("C:\Program Files\MiKTeX 2.7\tex\latex\graphics\trig.sty"
Package: trig 1999/03/16 v1.09 sin cos tan (DPC)
)
("C:\Program Files\MiKTeX 2.7\tex\latex\00miktex\graphics.cfg"
File: graphics.cfg 2007/01/18 v1.5 graphics configuration of teTeX/TeXLive
)
Package graphics Info: Driver file: pdftex.def on input line 90.

("C:\Program Files\MiKTeX 2.7\tex\latex\pdftex-def\pdftex.def"
File: pdftex.def 2008/09/08 v0.04l Graphics/color for pdfTeX
\Gread@gobject=\count89
))
\Gin@req@height=\dimen105
\Gin@req@width=\dimen106
)
("C:\Program Files\MiKTeX 2.7\tex\latex\graphics\epsfig.sty"
Package: epsfig 1999/02/16 v1.7a (e)psfig emulation (SPQR)
\epsfxsize=\dimen107
\epsfysize=\dimen108
)
("C:\Program Files\MiKTeX 2.7\tex\latex\subfigure\subfigure.sty"
Package: subfigure 2002/07/30 v2.1.4 subfigure package
\subfigtopskip=\skip45
\subfigcapskip=\skip46
\subfigcaptopadj=\dimen109
\subfigbottomskip=\skip47
\subfigcapmargin=\dimen110
\subfiglabelskip=\skip48
\c@subfigure=\count90
\c@lofdepth=\count91
\c@subtable=\count92
\c@lotdepth=\count93

****************************************
* Local config file subfigure.cfg used *
****************************************
("C:\Program Files\MiKTeX 2.7\tex\latex\subfigure\subfigure.cfg")
\subfig@top=\skip49
\subfig@bottom=\skip50
)
("C:\Program Files\MiKTeX 2.7\tex\latex\amsfonts\amssymb.sty"
Package: amssymb 2002/01/22 v2.2d

("C:\Program Files\MiKTeX 2.7\tex\latex\amsfonts\amsfonts.sty"
Package: amsfonts 2001/10/25 v2.2f
\@emptytoks=\toks15
\symAMSa=\mathgroup4
\symAMSb=\mathgroup5
LaTeX Font Info:    Overwriting math alphabet `\mathfrak' in version `bold'
(Font)                  U/euf/m/n --> U/euf/b/n on input line 132.
))
("C:\Program Files\MiKTeX 2.7\tex\latex\amsmath\amsbsy.sty"
Package: amsbsy 1999/11/29 v1.2d

("C:\Program Files\MiKTeX 2.7\tex\latex\amsmath\amsgen.sty"
File: amsgen.sty 1999/11/30 v2.0
\@emptytoks=\toks16
\ex@=\dimen111
)
\pmbraise@=\dimen112
)
("C:\Program Files\MiKTeX 2.7\tex\latex\amscls\amsthm.sty"
Package: amsthm 2004/08/06 v2.20
\thm@style=\toks17
\thm@bodyfont=\toks18
\thm@headfont=\toks19
\thm@notefont=\toks20
\thm@headpunct=\toks21
\thm@preskip=\skip51
\thm@postskip=\skip52
\thm@headsep=\skip53
\dth@everypar=\toks22
)
("C:\Program Files\MiKTeX 2.7\tex\latex\amsmath\amsmath.sty"
Package: amsmath 2000/07/18 v2.13 AMS math features
\@mathmargin=\skip54

For additional information on amsmath, use the `?' option.
("C:\Program Files\MiKTeX 2.7\tex\latex\amsmath\amstext.sty"
Package: amstext 2000/06/29 v2.01
)
("C:\Program Files\MiKTeX 2.7\tex\latex\amsmath\amsopn.sty"
Package: amsopn 1999/12/14 v2.01 operator names
)
\inf@bad=\count94
LaTeX Info: Redefining \frac on input line 211.
\uproot@=\count95
\leftroot@=\count96
LaTeX Info: Redefining \overline on input line 307.
\classnum@=\count97
\DOTSCASE@=\count98
LaTeX Info: Redefining \ldots on input line 379.
LaTeX Info: Redefining \dots on input line 382.
LaTeX Info: Redefining \cdots on input line 467.
\Mathstrutbox@=\box26
\strutbox@=\box27
\big@size=\dimen113
LaTeX Font Info:    Redeclaring font encoding OML on input line 567.
LaTeX Font Info:    Redeclaring font encoding OMS on input line 568.
\macc@depth=\count99
\c@MaxMatrixCols=\count100
\dotsspace@=\muskip10
\c@parentequation=\count101
\dspbrk@lvl=\count102
\tag@help=\toks23
\row@=\count103
\column@=\count104
\maxfields@=\count105
\andhelp@=\toks24
\eqnshift@=\dimen114
\alignsep@=\dimen115
\tagshift@=\dimen116
\tagwidth@=\dimen117
\totwidth@=\dimen118
\lineht@=\dimen119
\@envbody=\toks25
\multlinegap=\skip55
\multlinetaggap=\skip56
\mathdisplay@stack=\toks26
LaTeX Info: Redefining \[ on input line 2666.
LaTeX Info: Redefining \] on input line 2667.
)
(TransferMaster.aux)
LaTeX Font Info:    Checking defaults for OML/cmm/m/it on input line 23.
LaTeX Font Info:    ... okay on input line 23.
LaTeX Font Info:    Checking defaults for T1/cmr/m/n on input line 23.
LaTeX Font Info:    ... okay on input line 23.
LaTeX Font Info:    Checking defaults for OT1/cmr/m/n on input line 23.
LaTeX Font Info:    ... okay on input line 23.
LaTeX Font Info:    Checking defaults for OMS/cmsy/m/n on input line 23.
LaTeX Font Info:    ... okay on input line 23.
LaTeX Font Info:    Checking defaults for OMX/cmex/m/n on input line 23.
LaTeX Font Info:    ... okay on input line 23.
LaTeX Font Info:    Checking defaults for U/cmr/m/n on input line 23.
LaTeX Font Info:    ... okay on input line 23.
 ("C:\Program Files\MiKTeX 2.7\tex\context\base\supp-pdf.tex"
[Loading MPS to PDF converter (version 2006.09.02).]
\scratchcounter=\count106
\scratchdimen=\dimen120
\scratchbox=\box28
\nofMPsegments=\count107
\nofMParguments=\count108
\everyMPshowfont=\toks27
\MPscratchCnt=\count109
\MPscratchDim=\dimen121
\MPnumerator=\count110
\everyMPtoPDFconversion=\toks28
)
LaTeX Font Info:    Try loading font information for U+msa on input line 27.
 ("C:\Program Files\MiKTeX 2.7\tex\latex\amsfonts\umsa.fd"
File: umsa.fd 2002/01/19 v2.2g AMS font definitions
)
LaTeX Font Info:    Try loading font information for U+msb on input line 27.

("C:\Program Files\MiKTeX 2.7\tex\latex\amsfonts\umsb.fd"
File: umsb.fd 2002/01/19 v2.2g AMS font definitions
) [1

{C:/Documents and Settings/All Users/Application Data/MiKTeX/2.7/pdftex/config/
pdftex.map}]
(TransferMaster.toc)
\tf@toc=\write3
 [1

]
Chapter 1.
[2

] [3] [4] [5] <GrubbsScatter.jpeg, id=23, 655.44875pt x 655.44875pt>
File: GrubbsScatter.jpeg Graphic file (type jpg)

<use GrubbsScatter.jpeg>

LaTeX Warning: `!h' float specifier changed to `!ht'.

[6]

LaTeX Warning: `!h' float specifier changed to `!ht'.


LaTeX Warning: `!h' float specifier changed to `!ht'.

[7 <GrubbsScatter.jpeg>]
Overfull \vbox (10.60109pt too high) has occurred while \output is active []


[8] <GrubbsBAplot-noLOA.jpeg, id=38, 655.44875pt x 655.44875pt>
File: GrubbsBAplot-noLOA.jpeg Graphic file (type jpg)

<use GrubbsBAplot-noLOA.jpeg>

LaTeX Warning: `!h' float specifier changed to `!ht'.

<GrubbsDataTwoBAplots.jpeg, id=39, 1027.84pt x 694.595pt>
File: GrubbsDataTwoBAplots.jpeg Graphic file (type jpg)

<use GrubbsDataTwoBAplots.jpeg>

LaTeX Warning: `!h' float specifier changed to `!ht'.

[9] [10 <GrubbsBAplot-noLOA.jpeg>]
<BAFanEffect.jpeg, id=46, 1027.84pt x 694.595pt>
File: BAFanEffect.jpeg Graphic file (type jpg)
 <use BAFanEffect.jpeg>

LaTeX Warning: `!h' float specifier changed to `!ht'.

<PropBias.jpeg, id=47, 1027.84pt x 694.595pt>
File: PropBias.jpeg Graphic file (type jpg)
 <use PropBias.jpeg>

LaTeX Warning: `!h' float specifier changed to `!ht'.

<BAOutliers.jpeg, id=48, 1027.84pt x 694.595pt>
File: BAOutliers.jpeg Graphic file (type jpg)
 <use BAOutliers.jpeg>

LaTeX Warning: `!h' float specifier changed to `!ht'.

[11 <GrubbsDataTwoBAplots.jpeg>]

LaTeX Warning: Text page 12 contains only floats.

[12 <BAFanEffect.jpeg> <PropBias.jpeg>] [13 <BAOutliers.jpeg>]
<GrubbsBartko.jpeg, id=59, 1027.84pt x 694.595pt>
File: GrubbsBartko.jpeg Graphic file (type jpg)
 <use GrubbsBartko.jpeg>

LaTeX Warning: `!h' float specifier changed to `!ht'.

<GrubbsBartko2.jpeg, id=60, 1027.84pt x 694.595pt>
File: GrubbsBartko2.jpeg Graphic file (type jpg)
 <use GrubbsBartko2.jpeg>

LaTeX Warning: `!h' float specifier changed to `!ht'.

[14] [15 <GrubbsBartko.jpeg> <GrubbsBartko2.jpeg>] [16] [17] [18] [19] [20]
[21] [22] [23] <ZhangDeming.jpeg, id=96, 560.0925pt x 559.08875pt>
File: ZhangDeming.jpeg Graphic file (type jpg)

<use ZhangDeming.jpeg> [24 <ZhangDeming.jpeg>]
Chapter 2.
[25

]

Package natbib Warning: Citation `Shiao' on page 26 undefined on input line 830
.

[26] [27] [28] [29] [30] (TransferMaster.bbl [31] [32

]
Missing character: There is no ö in font cmr12!
Missing character: There is no – in font cmr12!
 [33]
Missing character: There is no – in font cmr12!
Missing character: There is no – in font cmr12!
Missing character: There is no — in font cmr12!
)

Package natbib Warning: There were undefined citations.

[34] (TransferMaster.aux) ) 
Here is how much of TeX's memory you used:
 2609 strings out of 95304
 30656 string characters out of 1183033
 93269 words of memory out of 1500000
 5792 multiletter control sequences out of 110000
 13365 words of font info for 51 fonts, out of 3000000 for 5000
 14 hyphenation exceptions out of 8191
 25i,9n,24p,297b,253s stack positions out of 5000i,500n,10000p,200000b,50000s
<C:/Program Files/MiKTeX 2.7/fonts/type1/bluesky/cm/
cmbx12.pfb><C:/Program Files/MiKTeX 2.7/fonts/type1/bluesky/cm/cmex10.pfb><C:/P
rogram Files/MiKTeX 2.7/fonts/type1/bluesky/cm/cmmi12.pfb><C:/Program Files/MiK
TeX 2.7/fonts/type1/bluesky/cm/cmmi6.pfb><C:/Program Files/MiKTeX 2.7/fonts/typ
e1/bluesky/cm/cmmi8.pfb><C:/Program Files/MiKTeX 2.7/fonts/type1/bluesky/cm/cmr
12.pfb><C:/Program Files/MiKTeX 2.7/fonts/type1/bluesky/cm/cmr17.pfb><C:/Progra
m Files/MiKTeX 2.7/fonts/type1/bluesky/cm/cmr6.pfb><C:/Program Files/MiKTeX 2.7
/fonts/type1/bluesky/cm/cmr8.pfb><C:/Program Files/MiKTeX 2.7/fonts/type1/blues
ky/cm/cmsy10.pfb><C:/Program Files/MiKTeX 2.7/fonts/type1/bluesky/cm/cmsy8.pfb>
<C:/Program Files/MiKTeX 2.7/fonts/type1/bluesky/cm/cmti12.pfb>
Output written on TransferMaster.pdf (35 pages, 878802 bytes).
PDF statistics:
 171 PDF objects out of 1000 (max. 8388607)
 0 named destinations out of 1000 (max. 131072)
 46 words of extra memory for PDF output out of 10000 (max. 10000000)

